c:\users\alexandre\downloads\xenonopengl\xenon_windowtitle_api\xenon\boberengine\build\x64\debug\boberengine.pdb
c:\users\alexandre\downloads\xenonopengl\xenon_windowtitle_api\xenon\boberengine\build\x64\debug\boberengine.idb
c:\users\alexandre\downloads\xenonopengl\xenon_windowtitle_api\xenon\boberengine\build\x64\debug\obj\gametime.obj
c:\users\alexandre\downloads\xenonopengl\xenon_windowtitle_api\xenon\boberengine\build\x64\debug\obj\renderer.obj
c:\users\alexandre\downloads\xenonopengl\xenon_windowtitle_api\xenon\boberengine\build\x64\debug\obj\window.obj
c:\users\alexandre\downloads\xenonopengl\xenon_windowtitle_api\xenon\boberengine\build\x64\debug\obj\sdlapp.obj
c:\users\alexandre\downloads\xenonopengl\xenon_windowtitle_api\xenon\boberengine\build\x64\debug\obj\level.obj
c:\users\alexandre\downloads\xenonopengl\xenon_windowtitle_api\xenon\boberengine\build\x64\debug\obj\boberengine.obj
c:\users\alexandre\downloads\xenonopengl\xenon_windowtitle_api\xenon\boberengine\build\x64\debug\obj\texture.obj
c:\users\alexandre\downloads\xenonopengl\xenon_windowtitle_api\xenon\boberengine\build\x64\debug\obj\spritesheet.obj
c:\users\alexandre\downloads\xenonopengl\xenon_windowtitle_api\xenon\boberengine\build\x64\debug\obj\input.obj
c:\users\alexandre\downloads\xenonopengl\xenon_windowtitle_api\xenon\boberengine\build\x64\debug\obj\animation.obj
c:\users\alexandre\downloads\xenonopengl\xenon_windowtitle_api\xenon\boberengine\build\x64\debug\obj\actor.obj
c:\users\alexandre\downloads\xenonopengl\xenon_windowtitle_api\xenon\boberengine\build\x64\debug\obj\glad.obj
c:\users\alexandre\downloads\xenonopengl\xenon_windowtitle_api\xenon\boberengine\build\x64\debug\boberengine.lib
c:\users\alexandre\downloads\xenonopengl\xenon_windowtitle_api\xenon\boberengine\build\x64\debug\obj\boberengine.vcxproj.filelistabsolute.txt
c:\users\alexandre\downloads\xenonopengl\xenon_windowtitle_api\xenon\boberengine\build\x64\debug\obj\boberengine.tlog\cl.command.1.tlog
c:\users\alexandre\downloads\xenonopengl\xenon_windowtitle_api\xenon\boberengine\build\x64\debug\obj\boberengine.tlog\cl.read.1.tlog
c:\users\alexandre\downloads\xenonopengl\xenon_windowtitle_api\xenon\boberengine\build\x64\debug\obj\boberengine.tlog\cl.write.1.tlog
c:\users\alexandre\downloads\xenonopengl\xenon_windowtitle_api\xenon\boberengine\build\x64\debug\obj\boberengine.tlog\lib-link.read.1.tlog
c:\users\alexandre\downloads\xenonopengl\xenon_windowtitle_api\xenon\boberengine\build\x64\debug\obj\boberengine.tlog\lib-link.write.1.tlog
c:\users\alexandre\downloads\xenonopengl\xenon_windowtitle_api\xenon\boberengine\build\x64\debug\obj\boberengine.tlog\lib.command.1.tlog
